Arguments: 
  C:\Program Files\nodejs\node.exe C:\Program Files (x86)\Yarn\bin\yarn.js install

PATH: 
  C:\ProgramData\Oracle\Java\javapath;C:\WINDOWS\system32;C:\WINDOWS;C:\WINDOWS\System32\Wbem;C:\WINDOWS\System32\WindowsPowerShell\v1.0\;C:\Program Files (x86)\IBM\Personal Communications\;C:\Program Files (x86)\IBM\Trace Facility\;C:\WINDOWS\System32\OpenSSH\;C:\Program Files\PuTTY\;C:\ProgramData\chocolatey\bin;C:\Program Files\nodejs\;C:\Program Files (x86)\Yarn\bin\;C:\Users\f4193962\AppData\Local\Microsoft\WindowsApps;C:\Users\f4193962\AppData\Roaming\npm;C:\Users\f4193962\AppData\Local\Yarn\bin;C:\Users\f4193962\AppData\Local\Programs\Microsoft VS Code\bin

Yarn version: 
  1.22.4

Node version: 
  10.16.3

Platform: 
  win32 x64

Trace: 
  Error: read ECONNRESET
      at TLSWrap.onStreamRead (internal/stream_base_commons.js:111:27)

npm manifest: 
  {
    "name": "backend",
    "version": "1.0.0",
    "main": "server.js",
    "license": "MIT",
    "scripts": {
      "start": "nodemon src/server.js"
    },
    "dependencies": {
      "axios": "^0.19.2",
      "bcrypt": "^3.0.7",
      "cors": "^2.8.5",
      "dotenv": "^8.2.0",
      "express": "^4.17.1",
      "js-cookie": "^2.2.1",
      "jsonwebtoken": "^8.5.1",
      "morgan": "^1.9.1",
      "multer": "^1.4.2",
      "pg": "^8.0.0",
      "pg-hstore": "^2.3.3",
      "sequelize": "^5.21.5",
      "shortid": "^2.2.15",
      "uuid": "^7.0.3",
      "validator": "^12.2.0"
    },
    "devDependencies": {
      "nodemon": "^2.0.3",
      "sequelize-cli": "^5.5.1"
    }
  }

yarn manifest: 
  No manifest

Lockfile: 
  No lockfile
